<?xml version="1.0" encoding="UTF-8" ?>
<Message>
	<Command>Print</Command>
	<Row>
		<Description>Name</Description>
		<Value>Joe Chase</Value>
	</Row>
	<Row>
		<Description>Address</Description>
		<Value>123 Anywhere Lane</Value>
	</Row>
</Message>